[ 2016-11-15T15:06:01+08:00 ] 127.0.0.1 /testbao/
INFO: [ app_begin ] --START--
INFO: ReadHtmlCache Behavior ::run [ RunTime:0.001000s ]
INFO: [ app_begin ] --END-- [ RunTime:0.001000s ]
NOTIC: [2048] Declaration of SettingModel::fetchAll() should be compatible with that of CommonModel::fetchAll() D:\WWW\testbao\Baocms\Lib\Model\SettingModel.class.php 第 10 行.
NOTIC: [2048] Declaration of SettingModel::save() should be compatible with that of Model::save() D:\WWW\testbao\Baocms\Lib\Model\SettingModel.class.php 第 10 行.
SQL: SHOW COLUMNS FROM `bao_setting` [ RunTime:0.008000s ]
SQL: SELECT * FROM `bao_setting`  [ RunTime:0.012001s ]
NOTIC: [8] unserialize() [<a href='function.unserialize'>function.unserialize</a>]: Error at offset 81 of 937 bytes D:\WWW\testbao\Baocms\Lib\Model\SettingModel.class.php 第 22 行.
SQL: SHOW COLUMNS FROM `bao_city` [ RunTime:0.020001s ]
SQL: SELECT * FROM `bao_city` ORDER BY `orderby` asc  [ RunTime:0.000000s ]
NOTIC: [8] Undefined index:  D:\WWW\testbao\Baocms\Lib\Action\Pchome\CommonAction.class.php 第 0 行.
NOTIC: [8] Undefined variable: str D:\WWW\testbao\ThinkPHP\Extend\Library\ORG\Crypt\Base64.class.php 第 69 行.
NOTIC: [2] Invalid argument supplied for foreach() D:\WWW\testbao\Baocms\Lib\Action\Pchome\CommonAction.class.php 第 0 行.
NOTIC: 建议使用I方法替代_get
SQL: SHOW COLUMNS FROM `bao_shop_cate` [ RunTime:0.007000s ]
SQL: SELECT * FROM `bao_shop_cate` ORDER BY `orderby` asc  [ RunTime:0.002000s ]
SQL: SHOW COLUMNS FROM `bao_tuan_cate` [ RunTime:0.017001s ]
SQL: SELECT * FROM `bao_tuan_cate` ORDER BY `orderby` asc  [ RunTime:0.001000s ]
SQL: SHOW COLUMNS FROM `bao_area` [ RunTime:0.019001s ]
SQL: SELECT * FROM `bao_area` ORDER BY `orderby` asc  [ RunTime:0.000000s ]
SQL: SHOW COLUMNS FROM `bao_business` [ RunTime:0.008001s ]
SQL: SELECT * FROM `bao_business` ORDER BY `orderby` asc  [ RunTime:0.000000s ]
SQL: SHOW COLUMNS FROM `bao_pc_function` [ RunTime:0.029002s ]
SQL: SELECT * FROM `bao_pc_function` ORDER BY `orderby` asc  [ RunTime:0.008000s ]
NOTIC: [2048] Declaration of TemplateModel::fetchAll() should be compatible with that of CommonModel::fetchAll() D:\WWW\testbao\Baocms\Lib\Model\TemplateModel.class.php 第 36 行.
SQL: SHOW COLUMNS FROM `bao_template` [ RunTime:0.015001s ]
SQL: SELECT * FROM `bao_template`  [ RunTime:0.000000s ]
SQL: SHOW COLUMNS FROM `bao_template_setting` [ RunTime:0.005000s ]
SQL: SELECT * FROM `bao_template_setting`  [ RunTime:0.000000s ]
NOTIC: [2] Invalid argument supplied for foreach() D:\WWW\testbao\Baocms\Lib\Model\CommonModel.class.php 第 55 行.
NOTIC: [8] Undefined offset: 0 D:\WWW\testbao\Baocms\Lib\Model\TemplatesettingModel.class.php 第 17 行.
SQL: SHOW COLUMNS FROM `bao_keyword` [ RunTime:0.016001s ]
SQL: SELECT * FROM `bao_keyword`  [ RunTime:0.000000s ]
NOTIC: [2] Invalid argument supplied for foreach() D:\WWW\testbao\Baocms\Lib\Model\CommonModel.class.php 第 55 行.
SQL: SHOW COLUMNS FROM `bao_housework_setting` [ RunTime:0.019001s ]
SQL: SHOW COLUMNS FROM `bao_housework` [ RunTime:0.024002s ]
SQL: SELECT * FROM `bao_housework_setting`  [ RunTime:0.001000s ]
NOTIC: [2] Invalid argument supplied for foreach() D:\WWW\testbao\Baocms\Lib\Action\Pchome\IndexAction.class.php 第 29 行.
NOTIC: [2] Invalid argument supplied for foreach() D:\WWW\testbao\Baocms\Lib\Action\Pchome\IndexAction.class.php 第 29 行.
NOTIC: [2] Invalid argument supplied for foreach() D:\WWW\testbao\Baocms\Lib\Action\Pchome\IndexAction.class.php 第 29 行.
NOTIC: [2] Invalid argument supplied for foreach() D:\WWW\testbao\Baocms\Lib\Action\Pchome\IndexAction.class.php 第 29 行.
NOTIC: [2] Invalid argument supplied for foreach() D:\WWW\testbao\Baocms\Lib\Action\Pchome\IndexAction.class.php 第 29 行.
NOTIC: [2] Invalid argument supplied for foreach() D:\WWW\testbao\Baocms\Lib\Action\Pchome\IndexAction.class.php 第 29 行.
NOTIC: [2] Invalid argument supplied for foreach() D:\WWW\testbao\Baocms\Lib\Action\Pchome\IndexAction.class.php 第 29 行.
NOTIC: [2] Invalid argument supplied for foreach() D:\WWW\testbao\Baocms\Lib\Action\Pchome\IndexAction.class.php 第 29 行.
NOTIC: [2] Invalid argument supplied for foreach() D:\WWW\testbao\Baocms\Lib\Action\Pchome\IndexAction.class.php 第 29 行.
NOTIC: [2] Invalid argument supplied for foreach() D:\WWW\testbao\Baocms\Lib\Action\Pchome\IndexAction.class.php 第 29 行.
NOTIC: [2] Invalid argument supplied for foreach() D:\WWW\testbao\Baocms\Lib\Action\Pchome\IndexAction.class.php 第 29 行.
NOTIC: [2] Invalid argument supplied for foreach() D:\WWW\testbao\Baocms\Lib\Action\Pchome\IndexAction.class.php 第 29 行.
NOTIC: [2] Invalid argument supplied for foreach() D:\WWW\testbao\Baocms\Lib\Action\Pchome\IndexAction.class.php 第 29 行.
NOTIC: [2] Invalid argument supplied for foreach() D:\WWW\testbao\Baocms\Lib\Action\Pchome\IndexAction.class.php 第 29 行.
NOTIC: [2] Invalid argument supplied for foreach() D:\WWW\testbao\Baocms\Lib\Action\Pchome\IndexAction.class.php 第 29 行.
NOTIC: [2] Invalid argument supplied for foreach() D:\WWW\testbao\Baocms\Lib\Action\Pchome\IndexAction.class.php 第 29 行.
NOTIC: [2] Invalid argument supplied for foreach() D:\WWW\testbao\Baocms\Lib\Action\Pchome\IndexAction.class.php 第 29 行.
NOTIC: [2] Invalid argument supplied for foreach() D:\WWW\testbao\Baocms\Lib\Action\Pchome\IndexAction.class.php 第 29 行.
NOTIC: [2] Invalid argument supplied for foreach() D:\WWW\testbao\Baocms\Lib\Action\Pchome\IndexAction.class.php 第 29 行.
NOTIC: [2] Invalid argument supplied for foreach() D:\WWW\testbao\Baocms\Lib\Action\Pchome\IndexAction.class.php 第 29 行.
NOTIC: [2] Invalid argument supplied for foreach() D:\WWW\testbao\Baocms\Lib\Action\Pchome\IndexAction.class.php 第 29 行.
NOTIC: [2] Invalid argument supplied for foreach() D:\WWW\testbao\Baocms\Lib\Action\Pchome\IndexAction.class.php 第 29 行.
SQL: SHOW COLUMNS FROM `bao_ele` [ RunTime:0.016001s ]
SQL: SHOW COLUMNS FROM `bao_life_cate` [ RunTime:0.006000s ]
NOTIC: [2048] Declaration of SeoModel::fetchAll() should be compatible with that of CommonModel::fetchAll() D:\WWW\testbao\Baocms\Lib\Model\SeoModel.class.php 第 31 行.
SQL: SHOW COLUMNS FROM `bao_seo` [ RunTime:0.015001s ]
SQL: SELECT * FROM `bao_seo`  [ RunTime:0.001000s ]
NOTIC: [8] Constant THEME_NAME already defined D:\WWW\testbao\Baocms\Lib\Action\Pchome\CommonAction.class.php 第 0 行.
NOTIC: [8] Constant THEME_PATH already defined D:\WWW\testbao\ThinkPHP\Lib\Core\View.class.php 第 154 行.
NOTIC: [8] Constant APP_TMPL_PATH already defined D:\WWW\testbao\ThinkPHP\Lib\Core\View.class.php 第 155 行.
INFO: [ view_parse ] --START--
NOTIC: [2] Missing argument 2 for TagLib::parseXmlAttr(), called in D:\WWW\testbao\Baocms\Lib\TagLib\TagLibCalldata.class.php on line 74 and defined D:\WWW\testbao\ThinkPHP\Lib\Template\TagLib.class.php 第 80 行.
NOTIC: [8] Undefined variable: tag D:\WWW\testbao\ThinkPHP\Lib\Template\TagLib.class.php 第 91 行.
NOTIC: [8] Undefined index:  D:\WWW\testbao\ThinkPHP\Lib\Template\TagLib.class.php 第 91 行.
NOTIC: [8] Undefined variable: tag D:\WWW\testbao\ThinkPHP\Lib\Template\TagLib.class.php 第 92 行.
NOTIC: [8] Undefined index: format D:\WWW\testbao\Baocms\Lib\TagLib\TagLibCalldata.class.php 第 82 行.
NOTIC: [8] Undefined index: debug D:\WWW\testbao\Baocms\Lib\TagLib\TagLibCalldata.class.php 第 83 行.
NOTIC: [8] Undefined variable: items D:\WWW\testbao\Baocms\Lib\TagLib\TagLibCalldata.class.php 第 107 行.
NOTIC: [2] Invalid argument supplied for foreach() D:\WWW\testbao\Baocms\Lib\TagLib\TagLibCalldata.class.php 第 107 行.
NOTIC: [2] Missing argument 2 for TagLib::parseXmlAttr(), called in D:\WWW\testbao\Baocms\Lib\TagLib\TagLibCalldata.class.php on line 74 and defined D:\WWW\testbao\ThinkPHP\Lib\Template\TagLib.class.php 第 80 行.
NOTIC: [8] Undefined variable: tag D:\WWW\testbao\ThinkPHP\Lib\Template\TagLib.class.php 第 91 行.
NOTIC: [8] Undefined index:  D:\WWW\testbao\ThinkPHP\Lib\Template\TagLib.class.php 第 91 行.
NOTIC: [8] Undefined variable: tag D:\WWW\testbao\ThinkPHP\Lib\Template\TagLib.class.php 第 92 行.
NOTIC: [8] Undefined index: format D:\WWW\testbao\Baocms\Lib\TagLib\TagLibCalldata.class.php 第 82 行.
NOTIC: [8] Undefined index: debug D:\WWW\testbao\Baocms\Lib\TagLib\TagLibCalldata.class.php 第 83 行.
NOTIC: [8] Undefined variable: items D:\WWW\testbao\Baocms\Lib\TagLib\TagLibCalldata.class.php 第 107 行.
NOTIC: [2] Invalid argument supplied for foreach() D:\WWW\testbao\Baocms\Lib\TagLib\TagLibCalldata.class.php 第 107 行.
NOTIC: [2] Missing argument 2 for TagLib::parseXmlAttr(), called in D:\WWW\testbao\Baocms\Lib\TagLib\TagLibCalldata.class.php on line 74 and defined D:\WWW\testbao\ThinkPHP\Lib\Template\TagLib.class.php 第 80 行.
NOTIC: [8] Undefined variable: tag D:\WWW\testbao\ThinkPHP\Lib\Template\TagLib.class.php 第 91 行.
NOTIC: [8] Undefined index:  D:\WWW\testbao\ThinkPHP\Lib\Template\TagLib.class.php 第 91 行.
NOTIC: [8] Undefined variable: tag D:\WWW\testbao\ThinkPHP\Lib\Template\TagLib.class.php 第 92 行.
NOTIC: [8] Undefined index: format D:\WWW\testbao\Baocms\Lib\TagLib\TagLibCalldata.class.php 第 82 行.
NOTIC: [8] Undefined index: debug D:\WWW\testbao\Baocms\Lib\TagLib\TagLibCalldata.class.php 第 83 行.
NOTIC: [8] Undefined variable: items D:\WWW\testbao\Baocms\Lib\TagLib\TagLibCalldata.class.php 第 107 行.
NOTIC: [2] Invalid argument supplied for foreach() D:\WWW\testbao\Baocms\Lib\TagLib\TagLibCalldata.class.php 第 107 行.
NOTIC: [2] Missing argument 2 for TagLib::parseXmlAttr(), called in D:\WWW\testbao\Baocms\Lib\TagLib\TagLibCalldata.class.php on line 74 and defined D:\WWW\testbao\ThinkPHP\Lib\Template\TagLib.class.php 第 80 行.
NOTIC: [8] Undefined variable: tag D:\WWW\testbao\ThinkPHP\Lib\Template\TagLib.class.php 第 91 行.
NOTIC: [8] Undefined index:  D:\WWW\testbao\ThinkPHP\Lib\Template\TagLib.class.php 第 91 行.
NOTIC: [8] Undefined variable: tag D:\WWW\testbao\ThinkPHP\Lib\Template\TagLib.class.php 第 92 行.
NOTIC: [8] Undefined index: format D:\WWW\testbao\Baocms\Lib\TagLib\TagLibCalldata.class.php 第 82 行.
NOTIC: [8] Undefined index: debug D:\WWW\testbao\Baocms\Lib\TagLib\TagLibCalldata.class.php 第 83 行.
NOTIC: [8] Undefined variable: items D:\WWW\testbao\Baocms\Lib\TagLib\TagLibCalldata.class.php 第 107 行.
NOTIC: [2] Invalid argument supplied for foreach() D:\WWW\testbao\Baocms\Lib\TagLib\TagLibCalldata.class.php 第 107 行.
NOTIC: [2] Missing argument 2 for TagLib::parseXmlAttr(), called in D:\WWW\testbao\Baocms\Lib\TagLib\TagLibCalldata.class.php on line 74 and defined D:\WWW\testbao\ThinkPHP\Lib\Template\TagLib.class.php 第 80 行.
NOTIC: [8] Undefined variable: tag D:\WWW\testbao\ThinkPHP\Lib\Template\TagLib.class.php 第 91 行.
NOTIC: [8] Undefined index:  D:\WWW\testbao\ThinkPHP\Lib\Template\TagLib.class.php 第 91 行.
NOTIC: [8] Undefined variable: tag D:\WWW\testbao\ThinkPHP\Lib\Template\TagLib.class.php 第 92 行.
NOTIC: [8] Undefined index: format D:\WWW\testbao\Baocms\Lib\TagLib\TagLibCalldata.class.php 第 82 行.
NOTIC: [8] Undefined index: debug D:\WWW\testbao\Baocms\Lib\TagLib\TagLibCalldata.class.php 第 83 行.
NOTIC: [8] Undefined variable: items D:\WWW\testbao\Baocms\Lib\TagLib\TagLibCalldata.class.php 第 107 行.
NOTIC: [2] Invalid argument supplied for foreach() D:\WWW\testbao\Baocms\Lib\TagLib\TagLibCalldata.class.php 第 107 行.
NOTIC: [2] Missing argument 2 for TagLib::parseXmlAttr(), called in D:\WWW\testbao\Baocms\Lib\TagLib\TagLibCalldata.class.php on line 74 and defined D:\WWW\testbao\ThinkPHP\Lib\Template\TagLib.class.php 第 80 行.
NOTIC: [8] Undefined variable: tag D:\WWW\testbao\ThinkPHP\Lib\Template\TagLib.class.php 第 91 行.
NOTIC: [8] Undefined index:  D:\WWW\testbao\ThinkPHP\Lib\Template\TagLib.class.php 第 91 行.
NOTIC: [8] Undefined variable: tag D:\WWW\testbao\ThinkPHP\Lib\Template\TagLib.class.php 第 92 行.
NOTIC: [8] Undefined index: format D:\WWW\testbao\Baocms\Lib\TagLib\TagLibCalldata.class.php 第 82 行.
NOTIC: [8] Undefined index: debug D:\WWW\testbao\Baocms\Lib\TagLib\TagLibCalldata.class.php 第 83 行.
NOTIC: [8] Undefined variable: items D:\WWW\testbao\Baocms\Lib\TagLib\TagLibCalldata.class.php 第 107 行.
NOTIC: [2] Invalid argument supplied for foreach() D:\WWW\testbao\Baocms\Lib\TagLib\TagLibCalldata.class.php 第 107 行.
NOTIC: [2] Missing argument 2 for TagLib::parseXmlAttr(), called in D:\WWW\testbao\Baocms\Lib\TagLib\TagLibCalldata.class.php on line 74 and defined D:\WWW\testbao\ThinkPHP\Lib\Template\TagLib.class.php 第 80 行.
NOTIC: [8] Undefined variable: tag D:\WWW\testbao\ThinkPHP\Lib\Template\TagLib.class.php 第 91 行.
NOTIC: [8] Undefined index:  D:\WWW\testbao\ThinkPHP\Lib\Template\TagLib.class.php 第 91 行.
NOTIC: [8] Undefined variable: tag D:\WWW\testbao\ThinkPHP\Lib\Template\TagLib.class.php 第 92 行.
NOTIC: [8] Undefined index: format D:\WWW\testbao\Baocms\Lib\TagLib\TagLibCalldata.class.php 第 82 行.
NOTIC: [8] Undefined index: debug D:\WWW\testbao\Baocms\Lib\TagLib\TagLibCalldata.class.php 第 83 行.
NOTIC: [8] Undefined variable: items D:\WWW\testbao\Baocms\Lib\TagLib\TagLibCalldata.class.php 第 107 行.
NOTIC: [2] Invalid argument supplied for foreach() D:\WWW\testbao\Baocms\Lib\TagLib\TagLibCalldata.class.php 第 107 行.
NOTIC: [2] Missing argument 2 for TagLib::parseXmlAttr(), called in D:\WWW\testbao\Baocms\Lib\TagLib\TagLibCalldata.class.php on line 74 and defined D:\WWW\testbao\ThinkPHP\Lib\Template\TagLib.class.php 第 80 行.
NOTIC: [8] Undefined variable: tag D:\WWW\testbao\ThinkPHP\Lib\Template\TagLib.class.php 第 91 行.
NOTIC: [8] Undefined index:  D:\WWW\testbao\ThinkPHP\Lib\Template\TagLib.class.php 第 91 行.
NOTIC: [8] Undefined variable: tag D:\WWW\testbao\ThinkPHP\Lib\Template\TagLib.class.php 第 92 行.
NOTIC: [8] Undefined index: debug D:\WWW\testbao\Baocms\Lib\TagLib\TagLibCalldata.class.php 第 83 行.
NOTIC: [8] Undefined variable: items D:\WWW\testbao\Baocms\Lib\TagLib\TagLibCalldata.class.php 第 107 行.
NOTIC: [2] Invalid argument supplied for foreach() D:\WWW\testbao\Baocms\Lib\TagLib\TagLibCalldata.class.php 第 107 行.
NOTIC: [2] Missing argument 2 for TagLib::parseXmlAttr(), called in D:\WWW\testbao\Baocms\Lib\TagLib\TagLibCalldata.class.php on line 74 and defined D:\WWW\testbao\ThinkPHP\Lib\Template\TagLib.class.php 第 80 行.
NOTIC: [8] Undefined variable: tag D:\WWW\testbao\ThinkPHP\Lib\Template\TagLib.class.php 第 91 行.
NOTIC: [8] Undefined index:  D:\WWW\testbao\ThinkPHP\Lib\Template\TagLib.class.php 第 91 行.
NOTIC: [8] Undefined variable: tag D:\WWW\testbao\ThinkPHP\Lib\Template\TagLib.class.php 第 92 行.
NOTIC: [8] Undefined index: debug D:\WWW\testbao\Baocms\Lib\TagLib\TagLibCalldata.class.php 第 83 行.
NOTIC: [8] Undefined variable: items D:\WWW\testbao\Baocms\Lib\TagLib\TagLibCalldata.class.php 第 107 行.
NOTIC: [2] Invalid argument supplied for foreach() D:\WWW\testbao\Baocms\Lib\TagLib\TagLibCalldata.class.php 第 107 行.
NOTIC: [2] Missing argument 2 for TagLib::parseXmlAttr(), called in D:\WWW\testbao\Baocms\Lib\TagLib\TagLibCalldata.class.php on line 74 and defined D:\WWW\testbao\ThinkPHP\Lib\Template\TagLib.class.php 第 80 行.
NOTIC: [8] Undefined variable: tag D:\WWW\testbao\ThinkPHP\Lib\Template\TagLib.class.php 第 91 行.
NOTIC: [8] Undefined index:  D:\WWW\testbao\ThinkPHP\Lib\Template\TagLib.class.php 第 91 行.
NOTIC: [8] Undefined variable: tag D:\WWW\testbao\ThinkPHP\Lib\Template\TagLib.class.php 第 92 行.
NOTIC: [8] Undefined index: format D:\WWW\testbao\Baocms\Lib\TagLib\TagLibCalldata.class.php 第 82 行.
NOTIC: [8] Undefined index: debug D:\WWW\testbao\Baocms\Lib\TagLib\TagLibCalldata.class.php 第 83 行.
NOTIC: [8] Undefined variable: items D:\WWW\testbao\Baocms\Lib\TagLib\TagLibCalldata.class.php 第 107 行.
NOTIC: [2] Invalid argument supplied for foreach() D:\WWW\testbao\Baocms\Lib\TagLib\TagLibCalldata.class.php 第 107 行.
NOTIC: [2] Missing argument 2 for TagLib::parseXmlAttr(), called in D:\WWW\testbao\Baocms\Lib\TagLib\TagLibCalldata.class.php on line 74 and defined D:\WWW\testbao\ThinkPHP\Lib\Template\TagLib.class.php 第 80 行.
NOTIC: [8] Undefined variable: tag D:\WWW\testbao\ThinkPHP\Lib\Template\TagLib.class.php 第 91 行.
NOTIC: [8] Undefined index:  D:\WWW\testbao\ThinkPHP\Lib\Template\TagLib.class.php 第 91 行.
NOTIC: [8] Undefined variable: tag D:\WWW\testbao\ThinkPHP\Lib\Template\TagLib.class.php 第 92 行.
NOTIC: [8] Undefined index: format D:\WWW\testbao\Baocms\Lib\TagLib\TagLibCalldata.class.php 第 82 行.
NOTIC: [8] Undefined index: debug D:\WWW\testbao\Baocms\Lib\TagLib\TagLibCalldata.class.php 第 83 行.
NOTIC: [8] Undefined variable: items D:\WWW\testbao\Baocms\Lib\TagLib\TagLibCalldata.class.php 第 107 行.
NOTIC: [2] Invalid argument supplied for foreach() D:\WWW\testbao\Baocms\Lib\TagLib\TagLibCalldata.class.php 第 107 行.
NOTIC: [2] Missing argument 2 for TagLib::parseXmlAttr(), called in D:\WWW\testbao\Baocms\Lib\TagLib\TagLibCalldata.class.php on line 74 and defined D:\WWW\testbao\ThinkPHP\Lib\Template\TagLib.class.php 第 80 行.
NOTIC: [8] Undefined variable: tag D:\WWW\testbao\ThinkPHP\Lib\Template\TagLib.class.php 第 91 行.
NOTIC: [8] Undefined index:  D:\WWW\testbao\ThinkPHP\Lib\Template\TagLib.class.php 第 91 行.
NOTIC: [8] Undefined variable: tag D:\WWW\testbao\ThinkPHP\Lib\Template\TagLib.class.php 第 92 行.
NOTIC: [8] Undefined index: format D:\WWW\testbao\Baocms\Lib\TagLib\TagLibCalldata.class.php 第 82 行.
NOTIC: [8] Undefined index: debug D:\WWW\testbao\Baocms\Lib\TagLib\TagLibCalldata.class.php 第 83 行.
NOTIC: [8] Undefined variable: items D:\WWW\testbao\Baocms\Lib\TagLib\TagLibCalldata.class.php 第 107 行.
NOTIC: [2] Invalid argument supplied for foreach() D:\WWW\testbao\Baocms\Lib\TagLib\TagLibCalldata.class.php 第 107 行.
NOTIC: [2] Missing argument 2 for TagLib::parseXmlAttr(), called in D:\WWW\testbao\Baocms\Lib\TagLib\TagLibCalldata.class.php on line 74 and defined D:\WWW\testbao\ThinkPHP\Lib\Template\TagLib.class.php 第 80 行.
NOTIC: [8] Undefined variable: tag D:\WWW\testbao\ThinkPHP\Lib\Template\TagLib.class.php 第 91 行.
NOTIC: [8] Undefined index:  D:\WWW\testbao\ThinkPHP\Lib\Template\TagLib.class.php 第 91 行.
NOTIC: [8] Undefined variable: tag D:\WWW\testbao\ThinkPHP\Lib\Template\TagLib.class.php 第 92 行.
NOTIC: [8] Undefined index: format D:\WWW\testbao\Baocms\Lib\TagLib\TagLibCalldata.class.php 第 82 行.
NOTIC: [8] Undefined index: debug D:\WWW\testbao\Baocms\Lib\TagLib\TagLibCalldata.class.php 第 83 行.
NOTIC: [8] Undefined variable: items D:\WWW\testbao\Baocms\Lib\TagLib\TagLibCalldata.class.php 第 107 行.
NOTIC: [2] Invalid argument supplied for foreach() D:\WWW\testbao\Baocms\Lib\TagLib\TagLibCalldata.class.php 第 107 行.
NOTIC: [2] Missing argument 2 for TagLib::parseXmlAttr(), called in D:\WWW\testbao\Baocms\Lib\TagLib\TagLibCalldata.class.php on line 74 and defined D:\WWW\testbao\ThinkPHP\Lib\Template\TagLib.class.php 第 80 行.
NOTIC: [8] Undefined variable: tag D:\WWW\testbao\ThinkPHP\Lib\Template\TagLib.class.php 第 91 行.
NOTIC: [8] Undefined index:  D:\WWW\testbao\ThinkPHP\Lib\Template\TagLib.class.php 第 91 行.
NOTIC: [8] Undefined variable: tag D:\WWW\testbao\ThinkPHP\Lib\Template\TagLib.class.php 第 92 行.
NOTIC: [8] Undefined index: format D:\WWW\testbao\Baocms\Lib\TagLib\TagLibCalldata.class.php 第 82 行.
NOTIC: [8] Undefined index: debug D:\WWW\testbao\Baocms\Lib\TagLib\TagLibCalldata.class.php 第 83 行.
NOTIC: [8] Undefined variable: items D:\WWW\testbao\Baocms\Lib\TagLib\TagLibCalldata.class.php 第 107 行.
NOTIC: [2] Invalid argument supplied for foreach() D:\WWW\testbao\Baocms\Lib\TagLib\TagLibCalldata.class.php 第 107 行.
NOTIC: [2] Missing argument 2 for TagLib::parseXmlAttr(), called in D:\WWW\testbao\Baocms\Lib\TagLib\TagLibCalldata.class.php on line 74 and defined D:\WWW\testbao\ThinkPHP\Lib\Template\TagLib.class.php 第 80 行.
NOTIC: [8] Undefined variable: tag D:\WWW\testbao\ThinkPHP\Lib\Template\TagLib.class.php 第 91 行.
NOTIC: [8] Undefined index:  D:\WWW\testbao\ThinkPHP\Lib\Template\TagLib.class.php 第 91 行.
NOTIC: [8] Undefined variable: tag D:\WWW\testbao\ThinkPHP\Lib\Template\TagLib.class.php 第 92 行.
NOTIC: [8] Undefined index: format D:\WWW\testbao\Baocms\Lib\TagLib\TagLibCalldata.class.php 第 82 行.
NOTIC: [8] Undefined index: debug D:\WWW\testbao\Baocms\Lib\TagLib\TagLibCalldata.class.php 第 83 行.
NOTIC: [8] Undefined variable: items D:\WWW\testbao\Baocms\Lib\TagLib\TagLibCalldata.class.php 第 107 行.
NOTIC: [2] Invalid argument supplied for foreach() D:\WWW\testbao\Baocms\Lib\TagLib\TagLibCalldata.class.php 第 107 行.
NOTIC: [8] Undefined variable: config D:\WWW\testbao\Baocms\Runtime\Cache\Pchome\03858d93b3cdb3559e0eff5185d594a3.php 第 6 行.
NOTIC: [2] array_reverse() expects parameter 1 to be array, boolean given D:\WWW\testbao\Baocms\Runtime\Cache\Pchome\03858d93b3cdb3559e0eff5185d594a3.php 第 50 行.
NOTIC: [8] Undefined variable: keyword D:\WWW\testbao\Baocms\Runtime\Cache\Pchome\03858d93b3cdb3559e0eff5185d594a3.php 第 142 行.
SQL: SELECT * FROM `bao_keyword` ORDER BY key_id desc LIMIT 0,8   [ RunTime:0.000000s ]
NOTIC: [2] Invalid argument supplied for foreach() D:\WWW\testbao\Baocms\Runtime\Cache\Pchome\03858d93b3cdb3559e0eff5185d594a3.php 第 154 行.
SQL: SHOW COLUMNS FROM `bao_ad` [ RunTime:0.037002s ]
SQL: SELECT * FROM `bao_ad` WHERE (  closed=0 AND site_id=1 AND  city_id IN (0,) and bg_date <= '2016-11-15' AND end_date >= '2016-11-15'  ) ORDER BY orderby asc LIMIT 0,5   [ RunTime:0.000000s ]
ERR: 1064:You have an error in your SQL syntax; check the manual that corresponds to your MySQL server version for the right syntax to use near ') and bg_date <= '2016-11-15' AND end_date >= '2016-11-15'  ) ORDER BY orderby a' at line 1
 [ SQL语句 ] : SELECT * FROM `bao_ad` WHERE (  closed=0 AND site_id=1 AND  city_id IN (0,) and bg_date <= '2016-11-15' AND end_date >= '2016-11-15'  ) ORDER BY orderby asc LIMIT 0,5  
NOTIC: [2] Invalid argument supplied for foreach() D:\WWW\testbao\Baocms\Runtime\Cache\Pchome\03858d93b3cdb3559e0eff5185d594a3.php 第 323 行.
SQL: SHOW COLUMNS FROM `bao_tuan` [ RunTime:0.007001s ]
SQL: SELECT * FROM `bao_tuan` WHERE ( audit = 1 AND closed=0 AND city_id= and bg_date <= '2016-11-15 15:06:00' AND end_date >= '2016-11-15 15:06:00' ) ORDER BY orderby asc,sold_num desc LIMIT 0,25   [ RunTime:0.000000s ]
ERR: 1064:You have an error in your SQL syntax; check the manual that corresponds to your MySQL server version for the right syntax to use near 'and bg_date <= '2016-11-15 15:06:00' AND end_date >= '2016-11-15 15:06:00' ) ORD' at line 1
 [ SQL语句 ] : SELECT * FROM `bao_tuan` WHERE ( audit = 1 AND closed=0 AND city_id= and bg_date <= '2016-11-15 15:06:00' AND end_date >= '2016-11-15 15:06:00' ) ORDER BY orderby asc,sold_num desc LIMIT 0,25  
NOTIC: [2] Invalid argument supplied for foreach() D:\WWW\testbao\Baocms\Runtime\Cache\Pchome\03858d93b3cdb3559e0eff5185d594a3.php 第 409 行.
SQL: SELECT * FROM `bao_ad` WHERE (  closed=0 AND site_id=46 AND city_id IN (0,)  and bg_date <= '2016-11-15' AND end_date >= '2016-11-15'  ) ORDER BY orderby asc LIMIT 0,1   [ RunTime:0.001000s ]
ERR: 1064:You have an error in your SQL syntax; check the manual that corresponds to your MySQL server version for the right syntax to use near ')  and bg_date <= '2016-11-15' AND end_date >= '2016-11-15'  ) ORDER BY orderby ' at line 1
 [ SQL语句 ] : SELECT * FROM `bao_ad` WHERE (  closed=0 AND site_id=46 AND city_id IN (0,)  and bg_date <= '2016-11-15' AND end_date >= '2016-11-15'  ) ORDER BY orderby asc LIMIT 0,1  
NOTIC: [2] Invalid argument supplied for foreach() D:\WWW\testbao\Baocms\Runtime\Cache\Pchome\03858d93b3cdb3559e0eff5185d594a3.php 第 462 行.
SQL: SHOW COLUMNS FROM `bao_goods` [ RunTime:0.015001s ]
SQL: SELECT * FROM `bao_goods` WHERE ( audit =1 AND type='goods' AND closed=0 AND city_id =  AND end_date >= '2016-11-15' ) ORDER BY orderby asc,sold_num desc LIMIT 0,8   [ RunTime:0.000000s ]
ERR: 1064:You have an error in your SQL syntax; check the manual that corresponds to your MySQL server version for the right syntax to use near 'AND end_date >= '2016-11-15' ) ORDER BY orderby asc,sold_num desc LIMIT 0,8' at line 1
 [ SQL语句 ] : SELECT * FROM `bao_goods` WHERE ( audit =1 AND type='goods' AND closed=0 AND city_id =  AND end_date >= '2016-11-15' ) ORDER BY orderby asc,sold_num desc LIMIT 0,8  
NOTIC: [2] Invalid argument supplied for foreach() D:\WWW\testbao\Baocms\Runtime\Cache\Pchome\03858d93b3cdb3559e0eff5185d594a3.php 第 466 行.
NOTIC: [8] Undefined variable: linkArr D:\WWW\testbao\Baocms\Runtime\Cache\Pchome\03858d93b3cdb3559e0eff5185d594a3.php 第 488 行.
NOTIC: [2] array_merge() [<a href='function.array-merge'>function.array-merge</a>]: Argument #1 is not an array D:\WWW\testbao\Baocms\Common\common.php 第 379 行.
NOTIC: [2] Invalid argument supplied for foreach() D:\WWW\testbao\Baocms\Common\common.php 第 380 行.
SQL: SELECT * FROM `bao_ad` WHERE (  closed=0 AND site_id=47 AND city_id IN (0,)  and bg_date <= '2016-11-15' AND end_date >= '2016-11-15'  ) ORDER BY orderby asc LIMIT 0,1   [ RunTime:0.000000s ]
ERR: 1064:You have an error in your SQL syntax; check the manual that corresponds to your MySQL server version for the right syntax to use near ')  and bg_date <= '2016-11-15' AND end_date >= '2016-11-15'  ) ORDER BY orderby ' at line 1
 [ SQL语句 ] : SELECT * FROM `bao_ad` WHERE (  closed=0 AND site_id=47 AND city_id IN (0,)  and bg_date <= '2016-11-15' AND end_date >= '2016-11-15'  ) ORDER BY orderby asc LIMIT 0,1  
NOTIC: [2] Invalid argument supplied for foreach() D:\WWW\testbao\Baocms\Runtime\Cache\Pchome\03858d93b3cdb3559e0eff5185d594a3.php 第 492 行.
SQL: SELECT * FROM `bao_ad` WHERE (  closed=0 AND site_id=48 AND city_id IN (0,)  and bg_date <= '2016-11-15' AND end_date >= '2016-11-15'  ) ORDER BY orderby asc LIMIT 0,3   [ RunTime:0.001000s ]
ERR: 1064:You have an error in your SQL syntax; check the manual that corresponds to your MySQL server version for the right syntax to use near ')  and bg_date <= '2016-11-15' AND end_date >= '2016-11-15'  ) ORDER BY orderby ' at line 1
 [ SQL语句 ] : SELECT * FROM `bao_ad` WHERE (  closed=0 AND site_id=48 AND city_id IN (0,)  and bg_date <= '2016-11-15' AND end_date >= '2016-11-15'  ) ORDER BY orderby asc LIMIT 0,3  
NOTIC: [2] Invalid argument supplied for foreach() D:\WWW\testbao\Baocms\Runtime\Cache\Pchome\03858d93b3cdb3559e0eff5185d594a3.php 第 497 行.
SQL: SELECT * FROM `bao_ele` WHERE ( audit = 1 AND city_id=  ) ORDER BY orderby asc,sold_num desc LIMIT 0,2   [ RunTime:0.000000s ]
ERR: 1064:You have an error in your SQL syntax; check the manual that corresponds to your MySQL server version for the right syntax to use near ') ORDER BY orderby asc,sold_num desc LIMIT 0,2' at line 1
 [ SQL语句 ] : SELECT * FROM `bao_ele` WHERE ( audit = 1 AND city_id=  ) ORDER BY orderby asc,sold_num desc LIMIT 0,2  
SQL: SELECT * FROM `bao_ele` WHERE ( audit = 1 AND city_id=  ) ORDER BY orderby asc,sold_num desc LIMIT 2,7   [ RunTime:0.000000s ]
ERR: 1064:You have an error in your SQL syntax; check the manual that corresponds to your MySQL server version for the right syntax to use near ') ORDER BY orderby asc,sold_num desc LIMIT 2,7' at line 1
 [ SQL语句 ] : SELECT * FROM `bao_ele` WHERE ( audit = 1 AND city_id=  ) ORDER BY orderby asc,sold_num desc LIMIT 2,7  
SQL: SHOW COLUMNS FROM `bao_coupon` [ RunTime:0.017001s ]
SQL: SELECT * FROM `bao_coupon` WHERE ( audit=1 AND closed=0 AND city_id= AND expire_date >= '2016-11-15' ) ORDER BY downloads desc,views desc LIMIT 0,5   [ RunTime:0.000000s ]
ERR: 1064:You have an error in your SQL syntax; check the manual that corresponds to your MySQL server version for the right syntax to use near 'AND expire_date >= '2016-11-15' ) ORDER BY downloads desc,views desc LIMIT 0,5' at line 1
 [ SQL语句 ] : SELECT * FROM `bao_coupon` WHERE ( audit=1 AND closed=0 AND city_id= AND expire_date >= '2016-11-15' ) ORDER BY downloads desc,views desc LIMIT 0,5  
NOTIC: [2] Invalid argument supplied for foreach() D:\WWW\testbao\Baocms\Runtime\Cache\Pchome\03858d93b3cdb3559e0eff5185d594a3.php 第 548 行.
SQL: SHOW COLUMNS FROM `bao_shop_ding` [ RunTime:0.006001s ]
SQL: SELECT * FROM `bao_shop_ding` WHERE ( is_open=1 AND audit=1 AND closed=0 AND  city_id= ) ORDER BY orders desc,score desc LIMIT 0,4   [ RunTime:0.001000s ]
ERR: 1064:You have an error in your SQL syntax; check the manual that corresponds to your MySQL server version for the right syntax to use near ') ORDER BY orders desc,score desc LIMIT 0,4' at line 1
 [ SQL语句 ] : SELECT * FROM `bao_shop_ding` WHERE ( is_open=1 AND audit=1 AND closed=0 AND  city_id= ) ORDER BY orders desc,score desc LIMIT 0,4  
NOTIC: [2] Invalid argument supplied for foreach() D:\WWW\testbao\Baocms\Runtime\Cache\Pchome\03858d93b3cdb3559e0eff5185d594a3.php 第 568 行.
SQL: SHOW COLUMNS FROM `bao_shop_ding_setting` [ RunTime:0.016001s ]
SQL: SHOW COLUMNS FROM `bao_shop_ding_room` [ RunTime:0.007001s ]
SQL: SELECT * FROM `bao_shop_ding` WHERE ( is_open=1 AND audit=1 AND closed=0 AND  city_id= ) ORDER BY score desc,orders desc LIMIT 0,3   [ RunTime:0.001000s ]
ERR: 1064:You have an error in your SQL syntax; check the manual that corresponds to your MySQL server version for the right syntax to use near ') ORDER BY score desc,orders desc LIMIT 0,3' at line 1
 [ SQL语句 ] : SELECT * FROM `bao_shop_ding` WHERE ( is_open=1 AND audit=1 AND closed=0 AND  city_id= ) ORDER BY score desc,orders desc LIMIT 0,3  
NOTIC: [2] Invalid argument supplied for foreach() D:\WWW\testbao\Baocms\Runtime\Cache\Pchome\03858d93b3cdb3559e0eff5185d594a3.php 第 612 行.
SQL: SELECT * FROM `bao_ad` WHERE (  closed=0 AND site_id=2 AND  city_id IN (0,) and bg_date <= '2016-11-15' AND end_date >= '2016-11-15'  ) ORDER BY orderby asc LIMIT 0,1   [ RunTime:0.000000s ]
ERR: 1064:You have an error in your SQL syntax; check the manual that corresponds to your MySQL server version for the right syntax to use near ') and bg_date <= '2016-11-15' AND end_date >= '2016-11-15'  ) ORDER BY orderby a' at line 1
 [ SQL语句 ] : SELECT * FROM `bao_ad` WHERE (  closed=0 AND site_id=2 AND  city_id IN (0,) and bg_date <= '2016-11-15' AND end_date >= '2016-11-15'  ) ORDER BY orderby asc LIMIT 0,1  
NOTIC: [2] Invalid argument supplied for foreach() D:\WWW\testbao\Baocms\Runtime\Cache\Pchome\03858d93b3cdb3559e0eff5185d594a3.php 第 624 行.
SQL: SHOW COLUMNS FROM `bao_activity` [ RunTime:0.028002s ]
SQL: SELECT * FROM `bao_activity` WHERE ( audit=1 AND closed=0 AND city_id= and bg_date <= '2016-11-15' AND end_date >= '2016-11-15' ) ORDER BY activity_id desc LIMIT 0,4   [ RunTime:0.001000s ]
ERR: 1064:You have an error in your SQL syntax; check the manual that corresponds to your MySQL server version for the right syntax to use near 'and bg_date <= '2016-11-15' AND end_date >= '2016-11-15' ) ORDER BY activity_id ' at line 1
 [ SQL语句 ] : SELECT * FROM `bao_activity` WHERE ( audit=1 AND closed=0 AND city_id= and bg_date <= '2016-11-15' AND end_date >= '2016-11-15' ) ORDER BY activity_id desc LIMIT 0,4  
NOTIC: [2] Invalid argument supplied for foreach() D:\WWW\testbao\Baocms\Runtime\Cache\Pchome\03858d93b3cdb3559e0eff5185d594a3.php 第 747 行.
NOTIC: [8] Use of undefined constant index - assumed 'index' D:\WWW\testbao\Baocms\Runtime\Cache\Pchome\03858d93b3cdb3559e0eff5185d594a3.php 第 862 行.
SQL: SHOW COLUMNS FROM `bao_links` [ RunTime:0.017001s ]
SQL: SELECT * FROM `bao_links` ORDER BY orderby asc LIMIT 0,10   [ RunTime:0.000000s ]
NOTIC: [2] Invalid argument supplied for foreach() D:\WWW\testbao\Baocms\Runtime\Cache\Pchome\03858d93b3cdb3559e0eff5185d594a3.php 第 864 行.
NOTIC: [8] Undefined variable: height_num D:\WWW\testbao\Baocms\Runtime\Cache\Pchome\03858d93b3cdb3559e0eff5185d594a3.php 第 944 行.
INFO: ParseTemplate Behavior ::run [ RunTime:0.406023s ]
INFO: [ view_parse ] --END-- [ RunTime:0.406023s ]
INFO: [ view_filter ] --START--
INFO: ContentReplace Behavior ::run [ RunTime:0.015001s ]
INFO: TokenBuild Behavior ::run [ RunTime:0.010000s ]
INFO: WriteHtmlCache Behavior ::run [ RunTime:0.000000s ]
INFO: ShowRuntime Behavior ::run [ RunTime:0.004001s ]
INFO: [ view_filter ] --END-- [ RunTime:0.029002s ]
INFO: [ view_end ] --START--
INFO: ShowPageTrace Behavior ::run [ RunTime:0.001000s ]
INFO: [ view_end ] --END-- [ RunTime:0.001000s ]

